{"level":"info","listener":"listener one","time":"11119-1111-1111T1111:488:1125+11:00","caller":"/home/david/Desktop/EDAII/pkg/natsMessage.go:137","message":"listener 1 received my_event"}
{"level":"info","listener":"listener two","time":"11119-1111-1111T1111:488:1125+11:00","caller":"/home/david/Desktop/EDAII/pkg/natsMessage.go:174","message":"listener 2 received MY_EVENT from listener 1"}
{"level":"info","listener":"listener three","time":"11119-1111-1111T1111:488:1125+11:00","caller":"/home/david/Desktop/EDAII/pkg/natsMessage.go:204","message":"listener 3 received TNEVE_YM from listener 2"}
{"level":"info","listener":"listener three","time":"11119-1111-1111T1111:488:1125+11:00","caller":"/home/david/Desktop/EDAII/pkg/natsMessage.go:212","message":"listener 3 modified TNEVE_YM received from listener 2 into tneve_ym"}
{"level":"info","response":"struct of data received + modifications","time":"11119-1111-1111T1111:488:1126+11:00","caller":"/home/david/Desktop/EDAII/pkg/natsMessage.go:291","message":"[{listener one my_event} {listener two MY_EVENT} {listener three tneve_ym}]"}
{"level":"info","time":"11119-1111-1111T1111:488:1126+11:00","caller":"/home/david/Desktop/EDAII/pkg/natsMessage.go:242","message":"all pubsub processes done"}
{"level":"info","listener":"listener one","time":"11119-1111-1111T1111:2911:119+11:00","caller":"/home/david/Desktop/EDAII/pkg/natsMessage.go:137","message":"listener 1 received jedi wars"}
{"level":"info","listener":"listener two","time":"11119-1111-1111T1111:2911:119+11:00","caller":"/home/david/Desktop/EDAII/pkg/natsMessage.go:174","message":"listener 2 received JEDI WARS from listener 1"}
{"level":"info","listener":"listener three","time":"11119-1111-1111T1111:2911:119+11:00","caller":"/home/david/Desktop/EDAII/pkg/natsMessage.go:204","message":"listener 3 received SRAW IDEJ from listener 2"}
{"level":"info","listener":"listener three","time":"11119-1111-1111T1111:2911:119+11:00","caller":"/home/david/Desktop/EDAII/pkg/natsMessage.go:212","message":"listener 3 modified SRAW IDEJ received from listener 2 into sraw idej"}
{"level":"info","response":"struct of data received + modifications","time":"11119-1111-1111T1111:2911:119+11:00","caller":"/home/david/Desktop/EDAII/pkg/natsMessage.go:291","message":"[{listener one jedi wars} {listener two JEDI WARS} {listener three sraw idej}]"}
{"level":"info","time":"11119-1111-1111T1111:2911:119+11:00","caller":"/home/david/Desktop/EDAII/pkg/natsMessage.go:242","message":"all pubsub processes done"}
{"level":"info","listener":"listener one","time":"11119-1111-1111T1111:55:05+11:00","caller":"/home/david/Desktop/EDAII/pkg/natsMessage.go:137","message":"listener 1 received Oluwatobi Jesuloba"}
{"level":"info","listener":"listener two","time":"11119-1111-1111T1111:55:05+11:00","caller":"/home/david/Desktop/EDAII/pkg/natsMessage.go:174","message":"listener 2 received OLUWATOBI JESULOBA from listener 1"}
{"level":"info","listener":"listener three","time":"11119-1111-1111T1111:55:05+11:00","caller":"/home/david/Desktop/EDAII/pkg/natsMessage.go:204","message":"listener 3 received ABOLUSEJ IBOTAWULO from listener 2"}
{"level":"info","listener":"listener three","time":"11119-1111-1111T1111:55:05+11:00","caller":"/home/david/Desktop/EDAII/pkg/natsMessage.go:212","message":"listener 3 modified ABOLUSEJ IBOTAWULO received from listener 2 into abolusej ibotawulo"}
{"level":"info","response":"struct of data received + modifications","time":"11119-1111-1111T1111:55:05+11:00","caller":"/home/david/Desktop/EDAII/pkg/natsMessage.go:291","message":"[{listener one Oluwatobi Jesuloba} {listener two OLUWATOBI JESULOBA} {listener three abolusej ibotawulo}]"}
{"level":"info","time":"11119-1111-1111T1111:55:05+11:00","caller":"/home/david/Desktop/EDAII/pkg/natsMessage.go:242","message":"all pubsub processes done"}
{"level":"info","listener":"listener one","time":"111110-1111-1111T1111:1010:336+11:00","caller":"/home/david/Desktop/EDAII/pkg/natsMessage.go:146","message":"listener 1 received Oluwatobi Jesuloba"}
{"level":"info","listener":"listener one","time":"111110-1111-1111T1111:108:11+11:00","caller":"/home/david/Desktop/EDAII/pkg/natsMessage.go:150","message":"listener 1 received Oluwatobi Jesuloba"}
{"level":"info","listener":"listener one","time":"111110-1111-1111T1111:4310:1010+11:00","caller":"/home/david/Desktop/EDAII/pkg/natsMessage.go:142","message":"listener 1 received Oluwatobi Jesuloba"}
{"level":"info","listener":"listener two","time":"111110-1111-1111T1111:4310:1010+11:00","caller":"/home/david/Desktop/EDAII/pkg/natsMessage.go:179","message":"listener 2 received OLUWATOBI JESULOBA from listener 1"}
{"level":"info","listener":"listener three","time":"111110-1111-1111T1111:4310:1010+11:00","caller":"/home/david/Desktop/EDAII/pkg/natsMessage.go:209","message":"listener 3 received ABOLUSEJ IBOTAWULO from listener 2"}
{"level":"info","listener":"listener three","time":"111110-1111-1111T1111:4310:1010+11:00","caller":"/home/david/Desktop/EDAII/pkg/natsMessage.go:217","message":"listener 3 modified ABOLUSEJ IBOTAWULO received from listener 2 into abolusej ibotawulo"}
{"level":"info","response":"struct of data received + modifications","time":"111110-1111-1111T1111:4310:1010+11:00","caller":"/home/david/Desktop/EDAII/pkg/natsMessage.go:281","message":"[{listener one Oluwatobi Jesuloba} {listener two OLUWATOBI JESULOBA} {listener three abolusej ibotawulo}]"}
{"level":"info","time":"111110-1111-1111T1111:4310:1010+11:00","caller":"/home/david/Desktop/EDAII/pkg/natsMessage.go:247","message":"all pubsub processes done"}
{"level":"info","listener":"listener one","time":"111111-1111-1111T1111:116:1111+11:00","caller":"/home/david/Desktop/EDAII/pkg/natsMessage.go:169","message":"listener 1 received sub oop"}
{"level":"info","listener":"listener two","time":"111111-1111-1111T1111:116:1111+11:00","caller":"/home/david/Desktop/EDAII/pkg/natsMessage.go:207","message":"listener 2 received SUB OOP from listener 1"}
{"level":"info","listener":"listener three","time":"111111-1111-1111T1111:116:1111+11:00","caller":"/home/david/Desktop/EDAII/pkg/natsMessage.go:238","message":"listener 3 received POO BUS from listener 2"}
{"level":"info","listener":"listener three","time":"111111-1111-1111T1111:116:1111+11:00","caller":"/home/david/Desktop/EDAII/pkg/natsMessage.go:247","message":"listener 3 modified POO BUS received from listener 2 into poo bus"}
{"level":"info","response":"struct of data received + modifications","time":"111111-1111-1111T1111:116:1111+11:00","caller":"/home/david/Desktop/EDAII/pkg/natsMessage.go:311","message":"[{listener one sub oop} {listener two SUB OOP} {listener three poo bus}]"}
{"level":"info","time":"111111-1111-1111T1111:116:1111+11:00","caller":"/home/david/Desktop/EDAII/pkg/natsMessage.go:277","message":"all pubsub processes done"}
{"level":"info","listener":"listener one","time":"111111-1111-1111T1111:4444:5311+11:00","caller":"/home/david/Desktop/EDAII/pkg/natsMessage.go:169","message":"listener 1 received ara san"}
{"level":"info","listener":"listener two","time":"111111-1111-1111T1111:4444:5311+11:00","caller":"/home/david/Desktop/EDAII/pkg/natsMessage.go:206","message":"listener 2 received ARA SAN from listener 1"}
{"level":"info","listener":"listener three","time":"111111-1111-1111T1111:4444:5311+11:00","caller":"/home/david/Desktop/EDAII/pkg/natsMessage.go:236","message":"listener 3 received NAS ARA from listener 2"}
{"level":"info","listener":"listener three","time":"111111-1111-1111T1111:4444:5311+11:00","caller":"/home/david/Desktop/EDAII/pkg/natsMessage.go:244","message":"listener 3 modified NAS ARA received from listener 2 into nas ara"}
{"level":"info","response":"struct of data received + modifications","time":"111111-1111-1111T1111:4444:5311+11:00","caller":"/home/david/Desktop/EDAII/pkg/natsMessage.go:308","message":"[{listener one ara san} {listener two ARA SAN} {listener three nas ara}]"}
{"level":"info","time":"111111-1111-1111T1111:4444:5311+11:00","caller":"/home/david/Desktop/EDAII/pkg/natsMessage.go:274","message":"all pubsub processes done"}
